Starting project at /app
Starting Metro Bundler
Waiting on http://localhost:8081
Logs for your project will appear below.
Web node_modules/expo-router/entry.js ░░░░░░░░░░░░░░░░  0.0% (0/1)
Web Bundling failed 657ms node_modules/expo-router/entry.js (1 module)
 ERROR  Error: [BABEL]: Cannot find module 'react-native-worklets/plugin'
Require stack:
- /app/node_modules/react-native-reanimated/plugin/index.js
- /app/node_modules/@babel/core/lib/config/files/module-types.js
- /app/node_modules/@babel/core/lib/config/files/configuration.js
- /app/node_modules/@babel/core/lib/config/files/index.js
- /app/node_modules/@babel/core/lib/index.js
- /app/node_modules/@expo/metro-config/build/transform-worker/metro-transform-worker.js
- /app/node_modules/@expo/metro-config/build/transform-worker/transform-worker.js
- /app/node_modules/metro/src/DeltaBundler/Worker.flow.js
- /app/node_modules/metro/src/DeltaBundler/Worker.js
- /app/node_modules/jest-worker/build/workers/processChild.js (While processing: /app/node_modules/react-native-reanimated/plugin/index.js)
    at Function._resolveFilename (node:internal/modules/cjs/loader:1383:15)
    at defaultResolveImpl (node:internal/modules/cjs/loader:1025:19)
    at resolveForCJSWithHooks (node:internal/modules/cjs/loader:1030:22)
    at Function._load (node:internal/modules/cjs/loader:1192:37)
    at TracingChannel.traceSync (node:diagnostics_channel:328:14)
    at wrapModuleLoad (node:internal/modules/cjs/loader:237:24)
    at Module.require (node:internal/modules/cjs/loader:1463:12)
    at require (node:internal/modules/helpers:147:16)
    at Object.<anonymous> (/app/node_modules/react-native-reanimated/plugin/index.js:2:16)
    at Module._compile (node:internal/modules/cjs/loader:1706:14)
    at Object..js (node:internal/modules/cjs/loader:1839:10)
    at Module.load (node:internal/modules/cjs/loader:1441:32)
    at Function._load (node:internal/modules/cjs/loader:1263:12)
    at TracingChannel.traceSync (node:diagnostics_channel:328:14)
    at wrapModuleLoad (node:internal/modules/cjs/loader:237:24)
    at Module.require (node:internal/modules/cjs/loader:1463:12)
